Arguments: 
  /Users/sean.mcquaid/.nvm/versions/node/v18.16.0/bin/node /Users/sean.mcquaid/.nvm/versions/node/v18.16.0/bin/yarn add zod

PATH: 
  /Users/sean.mcquaid/.nvm/versions/node/v18.16.0/bin:/opt/homebrew/bin:/opt/homebrew/sbin:/usr/local/bin:/System/Cryptexes/App/usr/bin:/usr/bin:/bin:/usr/sbin:/sbin:/Users/sean.mcquaid/.nvm/versions/node/v18.16.0/bin:/opt/homebrew/bin:/opt/homebrew/sbin

Yarn version: 
  1.22.19

Node version: 
  18.16.0

Platform: 
  darwin x64

Trace: 
  Error: ENOENT: no such file or directory, copyfile '/Users/sean.mcquaid/Library/Caches/Yarn/v6/npm-lru-cache-7.18.3-f793896e0fd0e954a59dfdd82f0773808df6aa89-integrity/node_modules/lru-cache/LICENSE' -> '/Users/sean.mcquaid/Development/accelerating-web-development-with-msw/node_modules/@remix-run/dev/node_modules/lru-cache/LICENSE'

npm manifest: 
  {
    "private": true,
    "sideEffects": false,
    "scripts": {
      "build": "remix build",
      "dev": "remix dev",
      "start": "remix-serve build",
      "typecheck": "tsc",
      "test": "vitest",
      "coverage": "vitest run --coverage"
    },
    "dependencies": {
      "@remix-run/node": "^1.15.0",
      "@remix-run/react": "^1.15.0",
      "@remix-run/serve": "^1.15.0",
      "isbot": "^3.6.8",
      "react": "^18.2.0",
      "react-dom": "^18.2.0",
      "zod": "^3.21.4"
    },
    "devDependencies": {
      "@remix-run/dev": "^1.15.0",
      "@remix-run/eslint-config": "^1.15.0",
      "@types/node": "^18.15.13",
      "@types/react": "^18.0.35",
      "@types/react-dom": "^18.0.11",
      "eslint": "^8.38.0",
      "msw": "^1.2.1",
      "typescript": "^4.9.5",
      "vitest": "^0.30.1"
    },
    "engines": {
      "node": ">=14"
    },
    "msw": {
      "workerDirectory": "public"
    }
  }

yarn manifest: 
  No manifest

Lockfile: 
  No lockfile
